<?xml version="1.0" encoding="UTF-8"?>
<!-- Generated by org.testng.reporters.JUnitReportReporter -->
<testsuite hostname="STPILP953" failures="0" tests="1" name="Testscripts.IPM_001" time="37.038" errors="0" timestamp="2023-08-03T22:23:51 IST" skipped="0">
  <testcase classname="Testscripts.IPM_001" name="run_TS_SDI_001" time="37.038"/>
  <system-out/>
</testsuite> <!-- Testscripts.IPM_001 -->
