<?xml version="1.0" encoding="UTF-8"?>
<!-- Generated by org.testng.reporters.JUnitReportReporter -->
<testsuite hostname="STPILP1199" failures="0" tests="1" name="Testscripts.TS_SDIR_001" time="19.089" errors="0" timestamp="2023-11-28T21:28:51 IST" skipped="0">
  <testcase classname="Testscripts.TS_SDIR_001" name="tS_SDIR_001" time="19.089"/>
</testsuite> <!-- Testscripts.TS_SDIR_001 -->
