<?xml version="1.0" encoding="UTF-8"?>
<!-- Generated by org.testng.reporters.JUnitReportReporter -->
<testsuite hostname="SANJAY" failures="0" tests="1" name="Testscripts.TS_OHRM_001" time="165.331" errors="0" timestamp="2024-04-14T11:26:27 IST" skipped="0">
  <testcase classname="Testscripts.TS_OHRM_001" name="tS_OHRM_001" time="165.331"/>
  <system-out/>
</testsuite> <!-- Testscripts.TS_OHRM_001 -->
